Copyright 1986-2020 Xilinx, Inc. All Rights Reserved.
-----------------------------------------------------------------------------------------------------------------------------------------------------------
| Tool Version : Vivado v.2020.1 (win64) Build 2902540 Wed May 27 19:54:49 MDT 2020
| Date         : Fri Apr 25 17:46:35 2025
| Host         : Arif running 64-bit major release  (build 9200)
| Command      : report_methodology -file p04_top_methodology_drc_routed.rpt -pb p04_top_methodology_drc_routed.pb -rpx p04_top_methodology_drc_routed.rpx
| Design       : p04_top
| Device       : xc7a35tcpg236-1
| Speed File   : -1
| Design State : Fully Routed
-----------------------------------------------------------------------------------------------------------------------------------------------------------

Report Methodology

Table of Contents
-----------------
1. REPORT SUMMARY
2. REPORT DETAILS

1. REPORT SUMMARY
-----------------
            Netlist: netlist
          Floorplan: design_1
      Design limits: <entire design considered>
             Max violations: <unlimited>
             Violations found: 28
+-----------+------------------+-------------------------------+------------+
| Rule      | Severity         | Description                   | Violations |
+-----------+------------------+-------------------------------+------------+
| TIMING-17 | Critical Warning | Non-clocked sequential cell   | 8          |
| TIMING-18 | Warning          | Missing input or output delay | 12         |
| TIMING-20 | Warning          | Non-clocked latch             | 8          |
+-----------+------------------+-------------------------------+------------+

2. REPORT DETAILS
-----------------
TIMING-17#1 Critical Warning
Non-clocked sequential cell  
The clock pin p04_main_collector/S_ard_SPI_MOSI_i_reg[0]/C is not reached by a timing clock
Related violations: <none>

TIMING-17#2 Critical Warning
Non-clocked sequential cell  
The clock pin p04_main_collector/S_ard_SPI_MOSI_i_reg[1]/C is not reached by a timing clock
Related violations: <none>

TIMING-17#3 Critical Warning
Non-clocked sequential cell  
The clock pin p04_main_collector/S_ard_SPI_MOSI_i_reg[2]/C is not reached by a timing clock
Related violations: <none>

TIMING-17#4 Critical Warning
Non-clocked sequential cell  
The clock pin p04_main_collector/S_ard_SPI_MOSI_i_reg[3]/C is not reached by a timing clock
Related violations: <none>

TIMING-17#5 Critical Warning
Non-clocked sequential cell  
The clock pin p04_main_collector/S_ard_SPI_MOSI_i_reg[4]/C is not reached by a timing clock
Related violations: <none>

TIMING-17#6 Critical Warning
Non-clocked sequential cell  
The clock pin p04_main_collector/S_ard_SPI_MOSI_i_reg[5]/C is not reached by a timing clock
Related violations: <none>

TIMING-17#7 Critical Warning
Non-clocked sequential cell  
The clock pin p04_main_collector/S_ard_SPI_MOSI_i_reg[6]/C is not reached by a timing clock
Related violations: <none>

TIMING-17#8 Critical Warning
Non-clocked sequential cell  
The clock pin p04_main_collector/S_ard_SPI_MOSI_i_reg[7]/C is not reached by a timing clock
Related violations: <none>

TIMING-18#1 Warning
Missing input or output delay  
An output delay is missing on SEGMENT4_top[0] relative to clock(s) CLK_top
Related violations: <none>

TIMING-18#2 Warning
Missing input or output delay  
An output delay is missing on SEGMENT4_top[1] relative to clock(s) CLK_top
Related violations: <none>

TIMING-18#3 Warning
Missing input or output delay  
An output delay is missing on SEGMENT4_top[2] relative to clock(s) CLK_top
Related violations: <none>

TIMING-18#4 Warning
Missing input or output delay  
An output delay is missing on SEGMENT4_top[3] relative to clock(s) CLK_top
Related violations: <none>

TIMING-18#5 Warning
Missing input or output delay  
An output delay is missing on SEGMENT7_top[0] relative to clock(s) CLK_top
Related violations: <none>

TIMING-18#6 Warning
Missing input or output delay  
An output delay is missing on SEGMENT7_top[1] relative to clock(s) CLK_top
Related violations: <none>

TIMING-18#7 Warning
Missing input or output delay  
An output delay is missing on SEGMENT7_top[2] relative to clock(s) CLK_top
Related violations: <none>

TIMING-18#8 Warning
Missing input or output delay  
An output delay is missing on SEGMENT7_top[3] relative to clock(s) CLK_top
Related violations: <none>

TIMING-18#9 Warning
Missing input or output delay  
An output delay is missing on SEGMENT7_top[4] relative to clock(s) CLK_top
Related violations: <none>

TIMING-18#10 Warning
Missing input or output delay  
An output delay is missing on SEGMENT7_top[5] relative to clock(s) CLK_top
Related violations: <none>

TIMING-18#11 Warning
Missing input or output delay  
An output delay is missing on SEGMENT7_top[6] relative to clock(s) CLK_top
Related violations: <none>

TIMING-18#12 Warning
Missing input or output delay  
An output delay is missing on SEGMENT7_top[7] relative to clock(s) CLK_top
Related violations: <none>

TIMING-20#1 Warning
Non-clocked latch  
The latch p04_main_collector/ard_SPI_MOSI_buffer_o_reg[0] cannot be properly analyzed as its control pin p04_main_collector/ard_SPI_MOSI_buffer_o_reg[0]/G is not reached by a timing clock
Related violations: <none>

TIMING-20#2 Warning
Non-clocked latch  
The latch p04_main_collector/ard_SPI_MOSI_buffer_o_reg[1] cannot be properly analyzed as its control pin p04_main_collector/ard_SPI_MOSI_buffer_o_reg[1]/G is not reached by a timing clock
Related violations: <none>

TIMING-20#3 Warning
Non-clocked latch  
The latch p04_main_collector/ard_SPI_MOSI_buffer_o_reg[2] cannot be properly analyzed as its control pin p04_main_collector/ard_SPI_MOSI_buffer_o_reg[2]/G is not reached by a timing clock
Related violations: <none>

TIMING-20#4 Warning
Non-clocked latch  
The latch p04_main_collector/ard_SPI_MOSI_buffer_o_reg[3] cannot be properly analyzed as its control pin p04_main_collector/ard_SPI_MOSI_buffer_o_reg[3]/G is not reached by a timing clock
Related violations: <none>

TIMING-20#5 Warning
Non-clocked latch  
The latch p04_main_collector/ard_SPI_MOSI_buffer_o_reg[4] cannot be properly analyzed as its control pin p04_main_collector/ard_SPI_MOSI_buffer_o_reg[4]/G is not reached by a timing clock
Related violations: <none>

TIMING-20#6 Warning
Non-clocked latch  
The latch p04_main_collector/ard_SPI_MOSI_buffer_o_reg[5] cannot be properly analyzed as its control pin p04_main_collector/ard_SPI_MOSI_buffer_o_reg[5]/G is not reached by a timing clock
Related violations: <none>

TIMING-20#7 Warning
Non-clocked latch  
The latch p04_main_collector/ard_SPI_MOSI_buffer_o_reg[6] cannot be properly analyzed as its control pin p04_main_collector/ard_SPI_MOSI_buffer_o_reg[6]/G is not reached by a timing clock
Related violations: <none>

TIMING-20#8 Warning
Non-clocked latch  
The latch p04_main_collector/ard_SPI_MOSI_buffer_o_reg[7] cannot be properly analyzed as its control pin p04_main_collector/ard_SPI_MOSI_buffer_o_reg[7]/G is not reached by a timing clock
Related violations: <none>


